<?xml version="1.0" encoding="UTF-8"?>
<testsuites>
  <testsuite name="Chat with 2 users" timestamp="2021-06-25T17:15:51" time="9.195" tests="9" failures="0" errors="0" skipped="0">
    <properties>
      <property name="specId" value="0"/>
      <property name="suiteName" value="Chat with 2 users"/>
      <property name="capabilities" value=""/>
      <property name="file" value=".\features\mqtt.feature"/>
    </properties>
    <testcase classname=".Chat with 2 users" name="Given I see both users have opened the page and connected to server" time="4.882">
      <system-out><![CDATA[
COMMAND: POST /session/undefined/url - {"url":"https://demos.mqtt.cool/chat/"}
RESULT: {"url":"https://demos.mqtt.cool/chat/"}
COMMAND: POST /session/undefined/url - {"url":"https://demos.mqtt.cool/chat/"}
RESULT: {"url":"https://demos.mqtt.cool/chat/"}
COMMAND: POST /session/undefined/url - {"url":"https://demos.mqtt.cool/chat/"}
RESULT: {"url":"https://demos.mqtt.cool/chat/"}
COMMAND: POST /session/undefined/url - {"url":"https://demos.mqtt.cool/chat/"}
RESULT: {"url":"https://demos.mqtt.cool/chat/"}
COMMAND: POST /session/undefined/element - {"using":"css selector","value":"#messages > .text-success"}
RESULT: {"using":"css selector","value":"#messages > .text-success"}
COMMAND: GET /session/undefined/element/e61c9cd5-d16b-4e93-a2ad-81793ad3d3e9/text - {}
RESULT: {}
COMMAND: POST /session/undefined/element - {"using":"css selector","value":"#messages > .text-success"}
RESULT: {"using":"css selector","value":"#messages > .text-success"}
COMMAND: GET /session/undefined/element/51911243-0e54-43e0-bbe2-3008c0f8d6c0/text - {}
RESULT: {}
COMMAND: POST /session/undefined/element - {"using":"css selector","value":"#messages > .text-success"}
RESULT: {"using":"css selector","value":"#messages > .text-success"}
COMMAND: GET /session/undefined/element/003ec8e0-94c5-4f5a-9868-953feea14026/text - {}
RESULT: {}
COMMAND: POST /session/undefined/element - {"using":"css selector","value":"#messages > .text-success"}
RESULT: {"using":"css selector","value":"#messages > .text-success"}
COMMAND: POST /session/undefined/elements - {"using":"css selector","value":"#messages > .text-success"}
RESULT: {"using":"css selector","value":"#messages > .text-success"}
COMMAND: POST /session/undefined/elements - {"using":"css selector","value":"#messages > .text-success"}
RESULT: {"using":"css selector","value":"#messages > .text-success"}
COMMAND: POST /session/undefined/elements - {"using":"css selector","value":"#messages > .text-success"}
RESULT: {"using":"css selector","value":"#messages > .text-success"}
COMMAND: POST /session/undefined/elements - {"using":"css selector","value":"#messages > .text-success"}
RESULT: {"using":"css selector","value":"#messages > .text-success"}
COMMAND: POST /session/undefined/element - {"using":"css selector","value":"#messages > .text-success"}
RESULT: {"using":"css selector","value":"#messages > .text-success"}
COMMAND: GET /session/undefined/element/460237f9-1d4d-4756-829f-bbd7976a3a03/text - {}
RESULT: {}
]]></system-out>
    </testcase>
    <testcase classname=".Chat with 2 users" name="When I see that both users enter the nickname" time="0.415">
      <system-out><![CDATA[
COMMAND: POST /session/undefined/element - {"using":"css selector","value":"#user"}
RESULT: {"using":"css selector","value":"#user"}
COMMAND: POST /session/undefined/element/986b5f19-48df-4963-84f7-f09fd6569ec2/clear - {}
RESULT: {}
COMMAND: POST /session/undefined/element/986b5f19-48df-4963-84f7-f09fd6569ec2/value - {"text":"muei4fqnf56hckbipdxx5"}
RESULT: {"text":"muei4fqnf56hckbipdxx5"}
COMMAND: POST /session/undefined/element - {"using":"css selector","value":"#user"}
RESULT: {"using":"css selector","value":"#user"}
COMMAND: POST /session/undefined/element/41f24788-da0a-49b6-aa71-e2a608c82f48/clear - {}
RESULT: {}
COMMAND: POST /session/undefined/element/41f24788-da0a-49b6-aa71-e2a608c82f48/value - {"text":"x59bxi7sm0d7ljjvmt5yov"}
RESULT: {"text":"x59bxi7sm0d7ljjvmt5yov"}
COMMAND: POST /session/undefined/element - {"using":"css selector","value":"#user"}
RESULT: {"using":"css selector","value":"#user"}
COMMAND: POST /session/undefined/element/c4145623-0b01-4057-8446-266373e40ca6/clear - {}
RESULT: {}
COMMAND: POST /session/undefined/element/c4145623-0b01-4057-8446-266373e40ca6/value - {"text":"yk0k8typnn47rwy7majba"}
RESULT: {"text":"yk0k8typnn47rwy7majba"}
COMMAND: POST /session/undefined/element - {"using":"css selector","value":"#user"}
RESULT: {"using":"css selector","value":"#user"}
COMMAND: POST /session/undefined/element/ae5bc4c7-705e-41ec-b837-5cf676c48922/clear - {}
RESULT: {}
COMMAND: POST /session/undefined/element/ae5bc4c7-705e-41ec-b837-5cf676c48922/value - {"text":"xyutgkejg7dvieoguz888i"}
RESULT: {"text":"xyutgkejg7dvieoguz888i"}
]]></system-out>
    </testcase>
    <testcase classname=".Chat with 2 users" name="And I see that both users connect to broker" time="1.184">
      <system-out><![CDATA[
COMMAND: POST /session/undefined/element - {"using":"css selector","value":"#connectBtn"}
RESULT: {"using":"css selector","value":"#connectBtn"}
COMMAND: POST /session/undefined/element/97290618-29d2-47cd-b514-8d31b4cf18e1/click - {}
RESULT: {}
COMMAND: POST /session/undefined/element - {"using":"css selector","value":"#connectBtn"}
RESULT: {"using":"css selector","value":"#connectBtn"}
COMMAND: POST /session/undefined/element/815d04dc-bfe9-4fc6-9ccd-a0bd59df93de/click - {}
RESULT: {}
COMMAND: POST /session/undefined/element - {"using":"css selector","value":"#connectBtn"}
RESULT: {"using":"css selector","value":"#connectBtn"}
COMMAND: POST /session/undefined/element/1fee48a0-14c2-49d6-bf70-8e6b484ac0f7/click - {}
RESULT: {}
COMMAND: POST /session/undefined/element - {"using":"css selector","value":"#connectBtn"}
RESULT: {"using":"css selector","value":"#connectBtn"}
COMMAND: POST /session/undefined/element/171829d8-f73b-4c87-9d8c-bae8db686d20/click - {}
RESULT: {}
COMMAND: POST /session/undefined/elements - {"using":"css selector","value":"#messages > .text-success"}
RESULT: {"using":"css selector","value":"#messages > .text-success"}
COMMAND: POST /session/undefined/elements - {"using":"css selector","value":"#messages > .text-success"}
RESULT: {"using":"css selector","value":"#messages > .text-success"}
COMMAND: GET /session/undefined/element/ca1367c1-9b73-4d53-a3ab-17aa09c31bd7/text - {}
RESULT: {}
COMMAND: POST /session/undefined/elements - {"using":"css selector","value":"#messages > .text-success"}
RESULT: {"using":"css selector","value":"#messages > .text-success"}
COMMAND: POST /session/undefined/elements - {"using":"css selector","value":"#messages > .text-success"}
RESULT: {"using":"css selector","value":"#messages > .text-success"}
COMMAND: GET /session/undefined/element/3874625e-1802-4930-8d28-4e5a5fc8d708/text - {}
RESULT: {}
COMMAND: POST /session/undefined/elements - {"using":"css selector","value":"#messages > .text-success"}
RESULT: {"using":"css selector","value":"#messages > .text-success"}
COMMAND: POST /session/undefined/elements - {"using":"css selector","value":"#messages > .text-success"}
RESULT: {"using":"css selector","value":"#messages > .text-success"}
COMMAND: POST /session/undefined/elements - {"using":"css selector","value":"#messages > .text-success"}
RESULT: {"using":"css selector","value":"#messages > .text-success"}
COMMAND: POST /session/undefined/elements - {"using":"css selector","value":"#messages > .text-success"}
RESULT: {"using":"css selector","value":"#messages > .text-success"}
COMMAND: POST /session/undefined/elements - {"using":"css selector","value":"#messages > .text-success"}
RESULT: {"using":"css selector","value":"#messages > .text-success"}
COMMAND: POST /session/undefined/elements - {"using":"css selector","value":"#messages > .text-success"}
RESULT: {"using":"css selector","value":"#messages > .text-success"}
COMMAND: POST /session/undefined/elements - {"using":"css selector","value":"#messages > .text-success"}
RESULT: {"using":"css selector","value":"#messages > .text-success"}
COMMAND: POST /session/undefined/elements - {"using":"css selector","value":"#messages > .text-success"}
RESULT: {"using":"css selector","value":"#messages > .text-success"}
COMMAND: POST /session/undefined/elements - {"using":"css selector","value":"#messages > .text-success"}
RESULT: {"using":"css selector","value":"#messages > .text-success"}
COMMAND: POST /session/undefined/elements - {"using":"css selector","value":"#messages > .text-success"}
RESULT: {"using":"css selector","value":"#messages > .text-success"}
COMMAND: POST /session/undefined/elements - {"using":"css selector","value":"#messages > .text-success"}
RESULT: {"using":"css selector","value":"#messages > .text-success"}
COMMAND: POST /session/undefined/elements - {"using":"css selector","value":"#messages > .text-success"}
RESULT: {"using":"css selector","value":"#messages > .text-success"}
COMMAND: POST /session/undefined/elements - {"using":"css selector","value":"#messages > .text-success"}
RESULT: {"using":"css selector","value":"#messages > .text-success"}
COMMAND: POST /session/undefined/elements - {"using":"css selector","value":"#messages > .text-success"}
RESULT: {"using":"css selector","value":"#messages > .text-success"}
COMMAND: POST /session/undefined/elements - {"using":"css selector","value":"#messages > .text-success"}
RESULT: {"using":"css selector","value":"#messages > .text-success"}
COMMAND: POST /session/undefined/elements - {"using":"css selector","value":"#messages > .text-success"}
RESULT: {"using":"css selector","value":"#messages > .text-success"}
COMMAND: POST /session/undefined/elements - {"using":"css selector","value":"#messages > .text-success"}
RESULT: {"using":"css selector","value":"#messages > .text-success"}
COMMAND: POST /session/undefined/elements - {"using":"css selector","value":"#messages > .text-success"}
RESULT: {"using":"css selector","value":"#messages > .text-success"}
COMMAND: POST /session/undefined/elements - {"using":"css selector","value":"#messages > .text-success"}
RESULT: {"using":"css selector","value":"#messages > .text-success"}
COMMAND: POST /session/undefined/elements - {"using":"css selector","value":"#messages > .text-success"}
RESULT: {"using":"css selector","value":"#messages > .text-success"}
COMMAND: POST /session/undefined/elements - {"using":"css selector","value":"#messages > .text-success"}
RESULT: {"using":"css selector","value":"#messages > .text-success"}
COMMAND: POST /session/undefined/elements - {"using":"css selector","value":"#messages > .text-success"}
RESULT: {"using":"css selector","value":"#messages > .text-success"}
COMMAND: POST /session/undefined/elements - {"using":"css selector","value":"#messages > .text-success"}
RESULT: {"using":"css selector","value":"#messages > .text-success"}
COMMAND: POST /session/undefined/elements - {"using":"css selector","value":"#messages > .text-success"}
RESULT: {"using":"css selector","value":"#messages > .text-success"}
COMMAND: POST /session/undefined/elements - {"using":"css selector","value":"#messages > .text-success"}
RESULT: {"using":"css selector","value":"#messages > .text-success"}
COMMAND: POST /session/undefined/elements - {"using":"css selector","value":"#messages > .text-success"}
RESULT: {"using":"css selector","value":"#messages > .text-success"}
COMMAND: POST /session/undefined/elements - {"using":"css selector","value":"#messages > .text-success"}
RESULT: {"using":"css selector","value":"#messages > .text-success"}
COMMAND: POST /session/undefined/elements - {"using":"css selector","value":"#messages > .text-success"}
RESULT: {"using":"css selector","value":"#messages > .text-success"}
COMMAND: POST /session/undefined/elements - {"using":"css selector","value":"#messages > .text-success"}
RESULT: {"using":"css selector","value":"#messages > .text-success"}
COMMAND: GET /session/undefined/element/786ca5bc-dbdf-4900-8eb7-92d5fedf9005/text - {}
RESULT: {}
COMMAND: POST /session/undefined/elements - {"using":"css selector","value":"#messages > .text-success"}
RESULT: {"using":"css selector","value":"#messages > .text-success"}
COMMAND: POST /session/undefined/elements - {"using":"css selector","value":"#messages > .text-success"}
RESULT: {"using":"css selector","value":"#messages > .text-success"}
COMMAND: GET /session/undefined/element/ff61adff-7f4d-4162-9f2a-9ccb348e7b40/text - {}
RESULT: {}
]]></system-out>
    </testcase>
    <testcase classname=".Chat with 2 users" name="And I see that both users see themselves and each other in the Connected Users tab" time="0.065">
      <system-out><![CDATA[
COMMAND: POST /session/undefined/element - {"using":"css selector","value":"#usersListCard > [id^=\"yk0k8typnn47rwy7majba\"]"}
RESULT: {"using":"css selector","value":"#usersListCard > [id^=\"yk0k8typnn47rwy7majba\"]"}
COMMAND: POST /session/undefined/element - {"using":"css selector","value":"#usersListCard > [id^=\"muei4fqnf56hckbipdxx5\"]"}
RESULT: {"using":"css selector","value":"#usersListCard > [id^=\"muei4fqnf56hckbipdxx5\"]"}
COMMAND: POST /session/undefined/element - {"using":"css selector","value":"#usersListCard > [id^=\"xyutgkejg7dvieoguz888i\"]"}
RESULT: {"using":"css selector","value":"#usersListCard > [id^=\"xyutgkejg7dvieoguz888i\"]"}
COMMAND: POST /session/undefined/element - {"using":"css selector","value":"#usersListCard > [id^=\"x59bxi7sm0d7ljjvmt5yov\"]"}
RESULT: {"using":"css selector","value":"#usersListCard > [id^=\"x59bxi7sm0d7ljjvmt5yov\"]"}
]]></system-out>
    </testcase>
    <testcase classname=".Chat with 2 users" name="And I see that user1 sends any message" time="0.537">
      <system-out><![CDATA[
COMMAND: POST /session/undefined/element - {"using":"css selector","value":"#sendMessage"}
RESULT: {"using":"css selector","value":"#sendMessage"}
COMMAND: POST /session/undefined/element/93af6742-1e3a-44f4-a9a2-eb63a0402158/clear - {}
RESULT: {}
COMMAND: POST /session/undefined/element/93af6742-1e3a-44f4-a9a2-eb63a0402158/value - {"text":"azuzzr8ot7vko1rscqwph7"}
RESULT: {"text":"azuzzr8ot7vko1rscqwph7"}
COMMAND: POST /session/undefined/element - {"using":"css selector","value":"#replyBtn"}
RESULT: {"using":"css selector","value":"#replyBtn"}
COMMAND: POST /session/undefined/element/aad8ff9c-8c1f-4371-afb7-0dfc13ee55fe/click - {}
RESULT: {}
COMMAND: POST /session/undefined/element - {"using":"css selector","value":"#sendMessage"}
RESULT: {"using":"css selector","value":"#sendMessage"}
COMMAND: POST /session/undefined/element/c7a8b5bf-9d8f-45ed-aef4-731908a68bb3/clear - {}
RESULT: {}
COMMAND: POST /session/undefined/element/c7a8b5bf-9d8f-45ed-aef4-731908a68bb3/value - {"text":"db1wci98kk5au6pry0gwlj"}
RESULT: {"text":"db1wci98kk5au6pry0gwlj"}
COMMAND: POST /session/undefined/element - {"using":"css selector","value":"#replyBtn"}
RESULT: {"using":"css selector","value":"#replyBtn"}
COMMAND: POST /session/undefined/element/6b9c6418-b172-4293-87aa-72c63090a454/click - {}
RESULT: {}
]]></system-out>
    </testcase>
    <testcase classname=".Chat with 2 users" name="And I see that user2 receives the sent message" time="0.068">
      <system-out><![CDATA[
COMMAND: POST /session/undefined/elements - {"using":"css selector","value":"#messages > .text-primary"}
RESULT: {"using":"css selector","value":"#messages > .text-primary"}
COMMAND: POST /session/undefined/elements - {"using":"css selector","value":"#messages > .text-primary"}
RESULT: {"using":"css selector","value":"#messages > .text-primary"}
COMMAND: GET /session/undefined/element/5c519854-b1d7-4268-9aca-3b6aaa6eee05/text - {}
RESULT: {}
COMMAND: POST /session/undefined/elements - {"using":"css selector","value":"#messages > .text-primary"}
RESULT: {"using":"css selector","value":"#messages > .text-primary"}
COMMAND: POST /session/undefined/elements - {"using":"css selector","value":"#messages > .text-primary"}
RESULT: {"using":"css selector","value":"#messages > .text-primary"}
COMMAND: GET /session/undefined/element/34b8ee2a-01ac-4240-98e3-4a8a4880b8cb/text - {}
RESULT: {}
COMMAND: GET /session/undefined/element/4a802c27-6993-49d4-aba6-fd4d6f64e49d/text - {}
RESULT: {}
]]></system-out>
    </testcase>
    <testcase classname=".Chat with 2 users" name="And I see that user2 sends any message" time="0.567">
      <system-out><![CDATA[
COMMAND: POST /session/undefined/element - {"using":"css selector","value":"#sendMessage"}
RESULT: {"using":"css selector","value":"#sendMessage"}
COMMAND: POST /session/undefined/element/b3f2d16d-113f-4895-811d-5acb8a538ad2/clear - {}
RESULT: {}
COMMAND: POST /session/undefined/element/b3f2d16d-113f-4895-811d-5acb8a538ad2/value - {"text":"kca0vx4bqygyta7nmkaff"}
RESULT: {"text":"kca0vx4bqygyta7nmkaff"}
COMMAND: POST /session/undefined/element - {"using":"css selector","value":"#replyBtn"}
RESULT: {"using":"css selector","value":"#replyBtn"}
COMMAND: POST /session/undefined/element/d860eae4-dfde-4547-8de1-d6dd7e91c4f2/click - {}
RESULT: {}
COMMAND: POST /session/undefined/element - {"using":"css selector","value":"#sendMessage"}
RESULT: {"using":"css selector","value":"#sendMessage"}
COMMAND: POST /session/undefined/element/8989080f-91b0-493d-bd36-04382a2a0594/clear - {}
RESULT: {}
COMMAND: POST /session/undefined/element/8989080f-91b0-493d-bd36-04382a2a0594/value - {"text":"1v5wzy67a6n7gvs03810vx"}
RESULT: {"text":"1v5wzy67a6n7gvs03810vx"}
COMMAND: POST /session/undefined/element - {"using":"css selector","value":"#replyBtn"}
RESULT: {"using":"css selector","value":"#replyBtn"}
COMMAND: POST /session/undefined/element/9c63bb8b-3300-4fe1-b7c5-e83d8125a338/click - {}
RESULT: {}
]]></system-out>
    </testcase>
    <testcase classname=".Chat with 2 users" name="Then I see that user1 receives the sent message" time="0.109">
      <system-out><![CDATA[
COMMAND: POST /session/undefined/elements - {"using":"css selector","value":"#messages > .text-primary"}
RESULT: {"using":"css selector","value":"#messages > .text-primary"}
COMMAND: POST /session/undefined/elements - {"using":"css selector","value":"#messages > .text-primary"}
RESULT: {"using":"css selector","value":"#messages > .text-primary"}
COMMAND: GET /session/undefined/element/49b67538-0e96-4416-b160-0460b17d1972/text - {}
RESULT: {}
COMMAND: GET /session/undefined/element/8658311b-9f6a-4d2f-87a1-f1d2709b9df1/text - {}
RESULT: {}
COMMAND: POST /session/undefined/elements - {"using":"css selector","value":"#messages > .text-primary"}
RESULT: {"using":"css selector","value":"#messages > .text-primary"}
COMMAND: POST /session/undefined/elements - {"using":"css selector","value":"#messages > .text-primary"}
RESULT: {"using":"css selector","value":"#messages > .text-primary"}
COMMAND: GET /session/undefined/element/fb8ea039-c43f-499b-8eab-c06cd3e436c3/text - {}
RESULT: {}
COMMAND: GET /session/undefined/element/692b9159-469c-4247-ae77-0950228a12cb/text - {}
RESULT: {}
COMMAND: GET /session/undefined/element/d9e4cc14-0b60-4485-bbcb-fc738432ef61/text - {}
RESULT: {}
]]></system-out>
    </testcase>
    <testcase classname=".Chat with 2 users" name="And I see that both users can disconnect and lose connection" time="1.353">
      <system-out><![CDATA[
COMMAND: POST /session/undefined/execute/sync - {"script":"return (() => {\n    document.querySelector('a > img[alt=\"Fork me on GitHub\"]').outerHTML = \"\";\n  }).apply(null, arguments)","args":[]}
COMMAND: POST /session/undefined/execute/sync - {"script":"return (() => {\n    document.querySelector('a > img[alt=\"Fork me on GitHub\"]').outerHTML = \"\";\n  }).apply(null, arguments)","args":[]}
COMMAND: POST /session/undefined/execute/sync - {"script":"return (() => {\n    document.querySelector('a > img[alt=\"Fork me on GitHub\"]').outerHTML = \"\";\n  }).apply(null, arguments)","args":[]}
COMMAND: POST /session/undefined/execute/sync - {"script":"return (() => {\n    document.querySelector('a > img[alt=\"Fork me on GitHub\"]').outerHTML = \"\";\n  }).apply(null, arguments)","args":[]}
RESULT: {"script":"return (() => {\n    document.querySelector('a > img[alt=\"Fork me on GitHub\"]').outerHTML = \"\";\n  }).apply(null, arguments)","args":[]}
RESULT: {"script":"return (() => {\n    document.querySelector('a > img[alt=\"Fork me on GitHub\"]').outerHTML = \"\";\n  }).apply(null, arguments)","args":[]}
RESULT: {"script":"return (() => {\n    document.querySelector('a > img[alt=\"Fork me on GitHub\"]').outerHTML = \"\";\n  }).apply(null, arguments)","args":[]}
RESULT: {"script":"return (() => {\n    document.querySelector('a > img[alt=\"Fork me on GitHub\"]').outerHTML = \"\";\n  }).apply(null, arguments)","args":[]}
COMMAND: POST /session/undefined/element - {"using":"css selector","value":"#disconnectBtn"}
RESULT: {"using":"css selector","value":"#disconnectBtn"}
COMMAND: POST /session/undefined/element/fe97767c-525a-468f-b95d-f5c2df85cec8/click - {}
RESULT: {}
COMMAND: POST /session/undefined/element - {"using":"css selector","value":"#disconnectBtn"}
RESULT: {"using":"css selector","value":"#disconnectBtn"}
COMMAND: POST /session/undefined/element/36a8a378-e4c1-468e-8e0e-149abdbdca05/click - {}
RESULT: {}
COMMAND: POST /session/undefined/element - {"using":"css selector","value":"#disconnectBtn"}
RESULT: {"using":"css selector","value":"#disconnectBtn"}
COMMAND: POST /session/undefined/element/695c28b1-95c8-4442-a6a9-59107c016710/click - {}
RESULT: {}
COMMAND: POST /session/undefined/element - {"using":"css selector","value":"#disconnectBtn"}
RESULT: {"using":"css selector","value":"#disconnectBtn"}
COMMAND: POST /session/undefined/element/164780c6-8963-4e2e-9a19-e8c61c606f29/click - {}
RESULT: {}
COMMAND: POST /session/undefined/elements - {"using":"css selector","value":"#messages > .text-info"}
RESULT: {"using":"css selector","value":"#messages > .text-info"}
COMMAND: POST /session/undefined/elements - {"using":"css selector","value":"#messages > .text-info"}
RESULT: {"using":"css selector","value":"#messages > .text-info"}
COMMAND: GET /session/undefined/element/631973af-3d33-4739-b5f2-75a85a47f43f/text - {}
RESULT: {}
COMMAND: GET /session/undefined/element/bc96aaae-fb39-47e2-a461-f9c5a70619a9/text - {}
RESULT: {}
COMMAND: GET /session/undefined/element/e1b6b5f3-9675-4c03-b18c-7077390b6e10/text - {}
RESULT: {}
COMMAND: GET /session/undefined/element/0887b517-b180-4d4b-89bf-0204605834d2/text - {}
RESULT: {}
COMMAND: GET /session/undefined/element/5d1daf82-4f11-42cd-bee7-27606f15fe24/text - {}
RESULT: {}
COMMAND: GET /session/undefined/element/bc1df739-3c09-4f92-8b24-0502ebfbcef3/text - {}
RESULT: {}
COMMAND: GET /session/undefined/element/48a6975e-c49e-4b6e-8429-f8b2cf8e36ac/text - {}
RESULT: {}
COMMAND: GET /session/undefined/element/49c7bd01-6634-4488-bb3a-e15edc8c1020/text - {}
RESULT: {}
COMMAND: POST /session/undefined/elements - {"using":"css selector","value":"#messages > .text-info"}
RESULT: {"using":"css selector","value":"#messages > .text-info"}
COMMAND: POST /session/undefined/elements - {"using":"css selector","value":"#messages > .text-info"}
RESULT: {"using":"css selector","value":"#messages > .text-info"}
COMMAND: GET /session/undefined/element/f303486a-2c94-4510-8ce8-88c52a9d7973/text - {}
RESULT: {}
COMMAND: GET /session/undefined/element/66b933f6-2f7f-4935-8d09-6224f95f4480/text - {}
RESULT: {}
COMMAND: GET /session/undefined/element/5f98e503-c623-46d3-b899-c37f80095a11/text - {}
RESULT: {}
COMMAND: GET /session/undefined/element/713072f7-f7d4-498b-9e35-dc7c43594fe5/text - {}
RESULT: {}
COMMAND: GET /session/undefined/element/3b28311b-a168-4580-a4a2-74f1858896cb/text - {}
RESULT: {}
COMMAND: GET /session/undefined/element/2db32485-640d-46e5-a2c0-ab2fbd9d682a/text - {}
RESULT: {}
COMMAND: GET /session/undefined/element/d5a37037-0746-47db-812a-853c39e0a424/text - {}
RESULT: {}
COMMAND: GET /session/undefined/element/559fcaed-be2f-4477-af2f-0c8caa16b968/text - {}
RESULT: {}
COMMAND: GET /session/undefined/element/06116127-ab0e-46e6-9667-1c5de871ff42/text - {}
RESULT: {}
COMMAND: POST /session/undefined/elements - {"using":"css selector","value":"#messages > .text-info"}
RESULT: {"using":"css selector","value":"#messages > .text-info"}
COMMAND: POST /session/undefined/elements - {"using":"css selector","value":"#messages > .text-info"}
RESULT: {"using":"css selector","value":"#messages > .text-info"}
COMMAND: GET /session/undefined/element/c55c2dc1-3b3e-4eae-a65f-74e702b4b872/text - {}
RESULT: {}
COMMAND: GET /session/undefined/element/11899d06-4123-4099-83fa-ee0f11808758/text - {}
RESULT: {}
COMMAND: GET /session/undefined/element/9c72e1c5-fbb8-4e82-aa6f-4a5f9a7b334f/text - {}
RESULT: {}
COMMAND: GET /session/undefined/element/e8f4789b-0eaf-4041-9062-6539aa3973de/text - {}
RESULT: {}
COMMAND: GET /session/undefined/element/3d91be3d-4e02-4f04-96cf-5a8e4aa2e719/text - {}
RESULT: {}
COMMAND: GET /session/undefined/element/785a9121-bc8b-46a7-8543-484cb7bb7cb2/text - {}
RESULT: {}
COMMAND: GET /session/undefined/element/be2b4df2-5a4f-4a47-9a8d-1a69b923cccd/text - {}
RESULT: {}
COMMAND: GET /session/undefined/element/133824af-6a91-4e34-b469-89c9a27a90aa/text - {}
RESULT: {}
COMMAND: GET /session/undefined/element/9e187884-12df-4e0d-aeb7-68a3574df04f/text - {}
RESULT: {}
COMMAND: POST /session/undefined/elements - {"using":"css selector","value":"#messages > .text-info"}
RESULT: {"using":"css selector","value":"#messages > .text-info"}
COMMAND: POST /session/undefined/elements - {"using":"css selector","value":"#messages > .text-info"}
RESULT: {"using":"css selector","value":"#messages > .text-info"}
COMMAND: GET /session/undefined/element/24b43682-577d-49b1-b338-ae98ce6d80da/text - {}
RESULT: {}
COMMAND: GET /session/undefined/element/268c7b55-0038-475b-bd0d-70decae220db/text - {}
RESULT: {}
COMMAND: GET /session/undefined/element/7ecc4ccd-5cb9-4b4d-88ef-261bf75c2f90/text - {}
RESULT: {}
COMMAND: GET /session/undefined/element/6a0226e5-8223-4afa-8c33-bdb04737f076/text - {}
RESULT: {}
COMMAND: GET /session/undefined/element/cb31cf8b-c427-43e5-9187-b252d71da922/text - {}
RESULT: {}
COMMAND: GET /session/undefined/element/2fc214eb-62aa-40d8-ac83-3682dbcd0721/text - {}
RESULT: {}
COMMAND: GET /session/undefined/element/b657c096-4974-43d2-8d38-13b09f5eb8b2/text - {}
RESULT: {}
COMMAND: GET /session/undefined/element/fb8841d4-03b4-421a-abfb-229d282468ff/text - {}
RESULT: {}
COMMAND: GET /session/undefined/element/ed35c8df-487a-43fe-bc54-7bc6d16cc699/text - {}
RESULT: {}
COMMAND: GET /session/undefined/element/d17f9ec5-fb51-495f-872a-f9e9552f803b/text - {}
RESULT: {}
COMMAND: DELETE /session/undefined - {}
COMMAND: DELETE /session/undefined - {}
COMMAND: DELETE /session/undefined - {}
COMMAND: DELETE /session/undefined - {}
RESULT: {}
RESULT: {}
RESULT: {}
RESULT: {}
]]></system-out>
    </testcase>
  </testsuite>
  <testsuite name="Video conference" timestamp="2021-06-25T17:15:51" time="9.229" tests="0" failures="0" errors="0" skipped="0">
    <properties>
      <property name="specId" value="0"/>
      <property name="suiteName" value="Video conference"/>
      <property name="capabilities" value=""/>
      <property name="file" value=".\features\mqtt.feature"/>
    </properties>
  </testsuite>
</testsuites>